Start testing: Aug 24 11:11 Œrodkowoeuropejski czas letni
----------------------------------------------------------
6/31 Testing: PhysicsSystemTests
6/31 Test: PhysicsSystemTests
Command: "C:/Users/Bartosz Kasyna/CLionProjects/GamEngine/out/build/debug/PhysicsSystemTests.exe"
Directory: C:/Users/Bartosz Kasyna/CLionProjects/GamEngine/out/build/debug
"PhysicsSystemTests" start time: Aug 24 11:11 Œrodkowoeuropejski czas letni
Output:
----------------------------------------------------------
<end of output>
Test time =   0.02 sec
----------------------------------------------------------
Test Passed.
"PhysicsSystemTests" end time: Aug 24 11:11 Œrodkowoeuropejski czas letni
"PhysicsSystemTests" time elapsed: 00:00:00
----------------------------------------------------------

End testing: Aug 24 11:11 Œrodkowoeuropejski czas letni
